<?xml version="1.0" encoding="UTF-8"?>
<!-- Generated by org.testng.reporters.JUnitXMLReporter -->
<testsuite ignored="2" hostname="Sharadhas-MacBook-Pro.local" failures="0" tests="2" name="Default test" time="21.851" errors="0" timestamp="2025-04-06T01:33:47 EDT">
  <testcase classname="com.example.poc.test.VisionIndicatorTest" name="verifyVision" time="1.898"/>
  <testcase classname="com.example.poc.test.VisionIndicatorTest" name="verifyPovChart" time="19.918"/>
  <testcase classname="com.example.poc.test.VisionIndicatorTest" name="verifyAvgIncome" time="0.0">
    <ignored/>
  </testcase> <!-- verifyAvgIncome -->
  <testcase classname="com.example.poc.test.VisionIndicatorTest" name="verifyHighIneq" time="0.0">
    <ignored/>
  </testcase> <!-- verifyHighIneq -->
</testsuite> <!-- Default test -->
