<?xml version="1.0" encoding="UTF-8"?>
<testng-results ignored="2" total="4" passed="2" failed="0" skipped="0">
  <reporter-output>
    <line>
      <![CDATA[Open the URL.:- https://scorecard.worldbank.org/en/home]]>
    </line>
    <line>
      <![CDATA[Assert that the VISION link is present.]]>
    </line>
    <line>
      <![CDATA[Navigate to the Vision tab]]>
    </line>
    <line>
      <![CDATA[Verify whether the line chart is displayed by default on the page for the Percentage of population living in poverty (at $2.15/day and $6.85/day)vision indicator]]>
    </line>
    <line>
      <![CDATA[Assert that the Line Chart is present.]]>
    </line>
    <line>
      <![CDATA[Verify tooltip present with the Excel]]>
    </line>
    <line>
      <![CDATA[Read the tooltip]]>
    </line>
    <line>
      <![CDATA[Postion :- x: 223 y: 28]]>
    </line>
    <line>
      <![CDATA[Navigate to Vision Indicator Detail Page]]>
    </line>
  </reporter-output>
  <suite started-at="2025-04-06T01:33:25 EDT" name="Default suite" finished-at="2025-04-06T01:33:47 EDT" duration-ms="21851">
    <groups>
    </groups>
    <test started-at="2025-04-06T01:33:25 EDT" name="Default test" finished-at="2025-04-06T01:33:47 EDT" duration-ms="21851">
      <class name="com.example.poc.test.VisionIndicatorTest">
        <test-method signature="verifyVision()[pri:0, instance:com.example.poc.test.VisionIndicatorTest@7fd50002]" started-at="2025-04-06T01:33:25 EDT" name="verifyVision" finished-at="2025-04-06T01:33:27 EDT" duration-ms="1898" status="PASS">
          <reporter-output>
            <line>
              <![CDATA[Open the URL.:- https://scorecard.worldbank.org/en/home]]>
            </line>
            <line>
              <![CDATA[Assert that the VISION link is present.]]>
            </line>
            <line>
              <![CDATA[Navigate to the Vision tab]]>
            </line>
          </reporter-output>
        </test-method> <!-- verifyVision -->
        <test-method signature="verifyPovChart()[pri:0, instance:com.example.poc.test.VisionIndicatorTest@7fd50002]" started-at="2025-04-06T01:33:27 EDT" name="verifyPovChart" finished-at="2025-04-06T01:33:47 EDT" depends-on-methods="com.example.poc.test.VisionIndicatorTest.verifyVision" duration-ms="19918" status="PASS">
          <reporter-output>
            <line>
              <![CDATA[Verify whether the line chart is displayed by default on the page for the Percentage of population living in poverty (at $2.15/day and $6.85/day)vision indicator]]>
            </line>
            <line>
              <![CDATA[Assert that the Line Chart is present.]]>
            </line>
            <line>
              <![CDATA[Verify tooltip present with the Excel]]>
            </line>
            <line>
              <![CDATA[Read the tooltip]]>
            </line>
            <line>
              <![CDATA[Postion :- x: 223 y: 28]]>
            </line>
            <line>
              <![CDATA[Navigate to Vision Indicator Detail Page]]>
            </line>
          </reporter-output>
        </test-method> <!-- verifyPovChart -->
      </class> <!-- com.example.poc.test.VisionIndicatorTest -->
    </test> <!-- Default test -->
  </suite> <!-- Default suite -->
</testng-results>
